TN:
SF:src\app.controller.ts
FN:8,(anonymous_2)
FN:13,(anonymous_3)
FN:20,(anonymous_4)
FNF:3
FNH:0
FNDA:0,(anonymous_2)
FNDA:0,(anonymous_3)
FNDA:0,(anonymous_4)
DA:1,0
DA:2,0
DA:3,0
DA:7,0
DA:8,0
DA:13,0
DA:14,0
DA:20,0
DA:21,0
LF:9
LH:0
BRF:0
BRH:0
end_of_record
TN:
SF:src\app.service.ts
FN:5,(anonymous_1)
FN:9,(anonymous_2)
FNF:2
FNH:2
FNDA:1,(anonymous_1)
FNDA:1,(anonymous_2)
DA:1,1
DA:4,1
DA:6,1
DA:10,1
LF:4
LH:4
BRF:0
BRH:0
end_of_record
TN:
SF:src\prisma\index.ts
FNF:0
FNH:0
DA:1,0
DA:2,0
LF:2
LH:0
BRF:0
BRH:0
end_of_record
TN:
SF:src\prisma\prisma.service.ts
FN:9,(anonymous_1)
FN:13,(anonymous_2)
FNF:2
FNH:0
FNDA:0,(anonymous_1)
FNDA:0,(anonymous_2)
DA:1,0
DA:2,0
DA:5,0
DA:10,0
DA:14,0
LF:5
LH:0
BRF:0
BRH:0
end_of_record
